c:\users\user\downloads\secure_aodv_v11.0\64bit\code\dll\aodv.lib
c:\users\user\downloads\secure_aodv_v11.0\64bit\code\dll\aodv.exp
c:\users\user\downloads\secure_aodv_v11.0\64bit\code\aodv\x64\debug\vc141.pdb
c:\users\user\downloads\secure_aodv_v11.0\64bit\code\aodv\x64\debug\vc141.idb
c:\users\user\downloads\secure_aodv_v11.0\64bit\code\aodv\x64\debug\secure_aodv.obj
c:\users\user\downloads\secure_aodv_v11.0\64bit\code\aodv\x64\debug\rsa.obj
c:\users\user\downloads\secure_aodv_v11.0\64bit\code\aodv\x64\debug\rreq.obj
c:\users\user\downloads\secure_aodv_v11.0\64bit\code\aodv\x64\debug\rrep.obj
c:\users\user\downloads\secure_aodv_v11.0\64bit\code\aodv\x64\debug\routetable.obj
c:\users\user\downloads\secure_aodv_v11.0\64bit\code\aodv\x64\debug\routemaint.obj
c:\users\user\downloads\secure_aodv_v11.0\64bit\code\aodv\x64\debug\malicious.obj
c:\users\user\downloads\secure_aodv_v11.0\64bit\code\aodv\x64\debug\hellomessage.obj
c:\users\user\downloads\secure_aodv_v11.0\64bit\code\aodv\x64\debug\generalpacketprocessing.obj
c:\users\user\downloads\secure_aodv_v11.0\64bit\code\aodv\x64\debug\fifobuffer.obj
c:\users\user\downloads\secure_aodv_v11.0\64bit\code\aodv\x64\debug\aodv_routeerror.obj
c:\users\user\downloads\secure_aodv_v11.0\64bit\code\aodv\x64\debug\aodv_checkroutefound.obj
c:\users\user\downloads\secure_aodv_v11.0\64bit\code\aodv\x64\debug\aodv.obj
c:\users\user\downloads\secure_aodv_v11.0\64bit\code\dll\libaodv.dll
c:\users\user\downloads\secure_aodv_v11.0\64bit\code\dll\aodv.pdb
c:\users\user\downloads\secure_aodv_v11.0\64bit\code\aodv\x64\debug\aodv.tlog\aodv.write.1u.tlog
c:\users\user\downloads\secure_aodv_v11.0\64bit\code\aodv\x64\debug\aodv.tlog\cl.command.1.tlog
c:\users\user\downloads\secure_aodv_v11.0\64bit\code\aodv\x64\debug\aodv.tlog\cl.read.1.tlog
c:\users\user\downloads\secure_aodv_v11.0\64bit\code\aodv\x64\debug\aodv.tlog\cl.write.1.tlog
c:\users\user\downloads\secure_aodv_v11.0\64bit\code\aodv\x64\debug\aodv.tlog\link.command.1.tlog
c:\users\user\downloads\secure_aodv_v11.0\64bit\code\aodv\x64\debug\aodv.tlog\link.read.1.tlog
c:\users\user\downloads\secure_aodv_v11.0\64bit\code\aodv\x64\debug\aodv.tlog\link.write.1.tlog
